<?xml version="1.0" encoding="UTF-8"?>
<testng-results ignored="0" total="4" passed="4" failed="0" skipped="0">
  <reporter-output>
  </reporter-output>
  <suite started-at="2024-08-24T10:57:16 IST" name="PetSuite" finished-at="2024-08-24T10:57:29 IST" duration-ms="13208">
    <groups>
    </groups>
    <test started-at="2024-08-24T10:57:16 IST" name="PetTest" finished-at="2024-08-24T10:57:29 IST" duration-ms="13208">
      <class name="api.test.UserTests">
        <test-method is-config="true" signature="setupData()[pri:0, instance:api.test.UserTests@5afa3c9]" started-at="2024-08-24T10:57:16 IST" name="setupData" finished-at="2024-08-24T10:57:17 IST" duration-ms="940" status="PASS">
          <reporter-output>
          </reporter-output>
        </test-method> <!-- setupData -->
        <test-method signature="testDeleteUserByName()[pri:0, instance:api.test.UserTests@5afa3c9]" started-at="2024-08-24T10:57:17 IST" name="testDeleteUserByName" finished-at="2024-08-24T10:57:22 IST" duration-ms="5013" status="PASS">
          <reporter-output>
          </reporter-output>
        </test-method> <!-- testDeleteUserByName -->
        <test-method signature="testPostUser()[pri:1, instance:api.test.UserTests@5afa3c9]" started-at="2024-08-24T10:57:22 IST" name="testPostUser" finished-at="2024-08-24T10:57:24 IST" duration-ms="1935" status="PASS">
          <reporter-output>
          </reporter-output>
        </test-method> <!-- testPostUser -->
        <test-method signature="testGetUserByName()[pri:2, instance:api.test.UserTests@5afa3c9]" started-at="2024-08-24T10:57:24 IST" name="testGetUserByName" finished-at="2024-08-24T10:57:26 IST" duration-ms="1831" status="PASS">
          <reporter-output>
          </reporter-output>
        </test-method> <!-- testGetUserByName -->
        <test-method signature="testUdateUserByName()[pri:3, instance:api.test.UserTests@5afa3c9]" started-at="2024-08-24T10:57:26 IST" name="testUdateUserByName" finished-at="2024-08-24T10:57:29 IST" duration-ms="3195" status="PASS">
          <reporter-output>
          </reporter-output>
        </test-method> <!-- testUdateUserByName -->
      </class> <!-- api.test.UserTests -->
    </test> <!-- PetTest -->
  </suite> <!-- PetSuite -->
</testng-results>
