<?xml version="1.0" encoding="UTF-8"?>
<testsuite xmlns:xsi="http://www.w3.org/2001/XMLSchema-instance" xsi:noNamespaceSchemaLocation="https://maven.apache.org/surefire/maven-surefire-plugin/xsd/surefire-test-report.xsd" version="3.0.2" name="TestSuite" time="14.117" tests="4" errors="0" skipped="0" failures="0">
  <properties>
[...]
</properties>
  <testcase name="testDeleteUserByName" classname="api.test.UserTests" time="5.021">
    <system-out><![CDATA[2024-08-24 10:57:17,076 main DEBUG Apache Log4j Core 2.12.4 initializing configuration XmlConfiguration[location=C:\Users\ADMIN\eclipse-workspace\PetStoreAutomation\target\test-classes\log4j2.xml]
2024-08-24 10:57:17,082 main DEBUG Installed 0 script engines
2024-08-24 10:57:17,082 main DEBUG PluginManager 'Core' found 118 plugins
2024-08-24 10:57:17,082 main DEBUG PluginManager 'Level' found 0 plugins
2024-08-24 10:57:17,088 main DEBUG PluginManager 'Lookup' found 13 plugins
2024-08-24 10:57:17,091 main DEBUG Building Plugin[name=layout, class=org.apache.logging.log4j.core.layout.PatternLayout].
2024-08-24 10:57:17,105 main DEBUG PluginManager 'TypeConverter' found 26 plugins
2024-08-24 10:57:17,123 main DEBUG PatternLayout$Builder(pattern="%d{HH:mm:ss.SSS} [%t] %-5level %logger{36} - %msg%n", PatternSelector=null, Configuration(C:\Users\ADMIN\eclipse-workspace\PetStoreAutomation\target\test-classes\log4j2.xml), Replace=null, charset="null", alwaysWriteExceptions="null", disableAnsi="null", noConsoleNoAnsi="null", header="null", footer="null")
2024-08-24 10:57:17,123 main DEBUG PluginManager 'Converter' found 44 plugins
2024-08-24 10:57:17,125 main DEBUG Building Plugin[name=appender, class=org.apache.logging.log4j.core.appender.ConsoleAppender].
2024-08-24 10:57:17,137 main DEBUG ConsoleAppender$Builder(target="SYSTEM_OUT", follow="null", direct="null", bufferedIo="null", bufferSize="null", immediateFlush="null", ignoreExceptions="null", PatternLayout(%d{HH:mm:ss.SSS} [%t] %-5level %logger{36} - %msg%n), name="LogToConsole", Configuration(C:\Users\ADMIN\eclipse-workspace\PetStoreAutomation\target\test-classes\log4j2.xml), Filter=null, ={})
2024-08-24 10:57:17,140 main DEBUG Starting OutputStreamManager SYSTEM_OUT.false.false
2024-08-24 10:57:17,141 main DEBUG Building Plugin[name=appenders, class=org.apache.logging.log4j.core.config.AppendersPlugin].
2024-08-24 10:57:17,142 main DEBUG createAppenders(={LogToConsole})
2024-08-24 10:57:17,143 main DEBUG Building Plugin[name=AppenderRef, class=org.apache.logging.log4j.core.config.AppenderRef].
2024-08-24 10:57:17,148 main DEBUG createAppenderRef(ref="LogToConsole", level="null", Filter=null)
2024-08-24 10:57:17,149 main DEBUG Building Plugin[name=logger, class=org.apache.logging.log4j.core.config.LoggerConfig].
2024-08-24 10:57:17,151 main DEBUG createLogger(additivity="false", level="DEBUG", name="com.mkyong", includeLocation="null", ={LogToConsole}, ={}, Configuration(C:\Users\ADMIN\eclipse-workspace\PetStoreAutomation\target\test-classes\log4j2.xml), Filter=null)
2024-08-24 10:57:17,162 main DEBUG Building Plugin[name=AppenderRef, class=org.apache.logging.log4j.core.config.AppenderRef].
2024-08-24 10:57:17,162 main DEBUG createAppenderRef(ref="LogToConsole", level="null", Filter=null)
2024-08-24 10:57:17,162 main DEBUG Building Plugin[name=root, class=org.apache.logging.log4j.core.config.LoggerConfig$RootLogger].
2024-08-24 10:57:17,163 main DEBUG createLogger(additivity="null", level="ERROR", includeLocation="null", ={LogToConsole}, ={}, Configuration(C:\Users\ADMIN\eclipse-workspace\PetStoreAutomation\target\test-classes\log4j2.xml), Filter=null)
2024-08-24 10:57:17,166 main DEBUG Building Plugin[name=loggers, class=org.apache.logging.log4j.core.config.LoggersPlugin].
2024-08-24 10:57:17,167 main DEBUG createLoggers(={com.mkyong, root})
2024-08-24 10:57:17,167 main DEBUG Building Plugin[name=layout, class=org.apache.logging.log4j.core.layout.PatternLayout].
2024-08-24 10:57:17,168 main DEBUG PatternLayout$Builder(pattern="%d %p %c{1.} [%t] %m%n", PatternSelector=null, Configuration(C:\Users\ADMIN\eclipse-workspace\PetStoreAutomation\target\test-classes\log4j2.xml), Replace=null, charset="null", alwaysWriteExceptions="null", disableAnsi="null", noConsoleNoAnsi="null", header="null", footer="null")
2024-08-24 10:57:17,182 main DEBUG Building Plugin[name=appender, class=org.apache.logging.log4j.core.appender.FileAppender].
2024-08-24 10:57:17,186 main DEBUG FileAppender$Builder(fileName="logs/app.log", append="null", locking="null", advertise="null", advertiseUri="null", createOnDemand="null", filePermissions="null", fileOwner="null", fileGroup="null", bufferedIo="null", bufferSize="null", immediateFlush="null", ignoreExceptions="null", PatternLayout(%d %p %c{1.} [%t] %m%n), name="LogToFile", Configuration(C:\Users\ADMIN\eclipse-workspace\PetStoreAutomation\target\test-classes\log4j2.xml), Filter=null, ={})
2024-08-24 10:57:17,189 main DEBUG Starting FileManager logs/app.log
2024-08-24 10:57:17,190 main DEBUG Building Plugin[name=appenders, class=org.apache.logging.log4j.core.config.AppendersPlugin].
2024-08-24 10:57:17,190 main DEBUG createAppenders(={LogToFile})
2024-08-24 10:57:17,191 main DEBUG Building Plugin[name=AppenderRef, class=org.apache.logging.log4j.core.config.AppenderRef].
2024-08-24 10:57:17,191 main DEBUG createAppenderRef(ref="LogToFile", level="null", Filter=null)
2024-08-24 10:57:17,193 main DEBUG Building Plugin[name=logger, class=org.apache.logging.log4j.core.config.LoggerConfig].
2024-08-24 10:57:17,194 main DEBUG createLogger(additivity="false", level="DEBUG", name="com.mkyong", includeLocation="null", ={LogToFile}, ={}, Configuration(C:\Users\ADMIN\eclipse-workspace\PetStoreAutomation\target\test-classes\log4j2.xml), Filter=null)
2024-08-24 10:57:17,195 main DEBUG Building Plugin[name=AppenderRef, class=org.apache.logging.log4j.core.config.AppenderRef].
2024-08-24 10:57:17,195 main DEBUG createAppenderRef(ref="LogToFile", level="null", Filter=null)
2024-08-24 10:57:17,196 main DEBUG Building Plugin[name=root, class=org.apache.logging.log4j.core.config.LoggerConfig$RootLogger].
2024-08-24 10:57:17,196 main DEBUG createLogger(additivity="null", level="ERROR", includeLocation="null", ={LogToFile}, ={}, Configuration(C:\Users\ADMIN\eclipse-workspace\PetStoreAutomation\target\test-classes\log4j2.xml), Filter=null)
2024-08-24 10:57:17,197 main DEBUG Building Plugin[name=loggers, class=org.apache.logging.log4j.core.config.LoggersPlugin].
2024-08-24 10:57:17,198 main DEBUG createLoggers(={com.mkyong, root})
2024-08-24 10:57:17,198 main DEBUG Building Plugin[name=layout, class=org.apache.logging.log4j.core.layout.PatternLayout].
2024-08-24 10:57:17,198 main DEBUG PatternLayout$Builder(pattern="%d{HH:mm:ss.SSS} [%t] %-5level %logger{36} - %msg%n", PatternSelector=null, Configuration(C:\Users\ADMIN\eclipse-workspace\PetStoreAutomation\target\test-classes\log4j2.xml), Replace=null, charset="null", alwaysWriteExceptions="null", disableAnsi="null", noConsoleNoAnsi="null", header="null", footer="null")
2024-08-24 10:57:17,199 main DEBUG Building Plugin[name=appender, class=org.apache.logging.log4j.core.appender.ConsoleAppender].
2024-08-24 10:57:17,200 main DEBUG ConsoleAppender$Builder(target="SYSTEM_OUT", follow="null", direct="null", bufferedIo="null", bufferSize="null", immediateFlush="null", ignoreExceptions="null", PatternLayout(%d{HH:mm:ss.SSS} [%t] %-5level %logger{36} - %msg%n), name="LogToConsole", Configuration(C:\Users\ADMIN\eclipse-workspace\PetStoreAutomation\target\test-classes\log4j2.xml), Filter=null, ={})
2024-08-24 10:57:17,204 main DEBUG Building Plugin[name=layout, class=org.apache.logging.log4j.core.layout.PatternLayout].
2024-08-24 10:57:17,205 main DEBUG PatternLayout$Builder(pattern="%d %p %c{1.} [%t] %m%n", PatternSelector=null, Configuration(C:\Users\ADMIN\eclipse-workspace\PetStoreAutomation\target\test-classes\log4j2.xml), Replace=null, charset="null", alwaysWriteExceptions="null", disableAnsi="null", noConsoleNoAnsi="null", header="null", footer="null")
2024-08-24 10:57:17,206 main DEBUG Building Plugin[name=appender, class=org.apache.logging.log4j.core.appender.FileAppender].
2024-08-24 10:57:17,208 main DEBUG FileAppender$Builder(fileName="logs/app.log", append="null", locking="null", advertise="null", advertiseUri="null", createOnDemand="null", filePermissions="null", fileOwner="null", fileGroup="null", bufferedIo="null", bufferSize="null", immediateFlush="null", ignoreExceptions="null", PatternLayout(%d %p %c{1.} [%t] %m%n), name="LogToFile", Configuration(C:\Users\ADMIN\eclipse-workspace\PetStoreAutomation\target\test-classes\log4j2.xml), Filter=null, ={})
2024-08-24 10:57:17,210 main DEBUG Building Plugin[name=appenders, class=org.apache.logging.log4j.core.config.AppendersPlugin].
2024-08-24 10:57:17,210 main DEBUG createAppenders(={LogToConsole, LogToFile})
2024-08-24 10:57:17,211 main DEBUG Building Plugin[name=AppenderRef, class=org.apache.logging.log4j.core.config.AppenderRef].
2024-08-24 10:57:17,211 main DEBUG createAppenderRef(ref="LogToFile", level="null", Filter=null)
2024-08-24 10:57:17,211 main DEBUG Building Plugin[name=AppenderRef, class=org.apache.logging.log4j.core.config.AppenderRef].
2024-08-24 10:57:17,212 main DEBUG createAppenderRef(ref="LogToConsole", level="null", Filter=null)
2024-08-24 10:57:17,213 main DEBUG Building Plugin[name=logger, class=org.apache.logging.log4j.core.config.LoggerConfig].
2024-08-24 10:57:17,214 main DEBUG createLogger(additivity="false", level="DEBUG", name="com.mkyong", includeLocation="null", ={LogToFile, LogToConsole}, ={}, Configuration(C:\Users\ADMIN\eclipse-workspace\PetStoreAutomation\target\test-classes\log4j2.xml), Filter=null)
2024-08-24 10:57:17,214 main DEBUG Building Plugin[name=AppenderRef, class=org.apache.logging.log4j.core.config.AppenderRef].
2024-08-24 10:57:17,215 main DEBUG createAppenderRef(ref="LogToConsole", level="null", Filter=null)
2024-08-24 10:57:17,216 main DEBUG Building Plugin[name=logger, class=org.apache.logging.log4j.core.config.LoggerConfig].
2024-08-24 10:57:17,217 main DEBUG createLogger(additivity="false", level="ERROR", name="org.springframework.boot", includeLocation="null", ={LogToConsole}, ={}, Configuration(C:\Users\ADMIN\eclipse-workspace\PetStoreAutomation\target\test-classes\log4j2.xml), Filter=null)
2024-08-24 10:57:17,217 main DEBUG Building Plugin[name=AppenderRef, class=org.apache.logging.log4j.core.config.AppenderRef].
2024-08-24 10:57:17,217 main DEBUG createAppenderRef(ref="LogToFile", level="null", Filter=null)
2024-08-24 10:57:17,218 main DEBUG Building Plugin[name=AppenderRef, class=org.apache.logging.log4j.core.config.AppenderRef].
2024-08-24 10:57:17,218 main DEBUG createAppenderRef(ref="LogToConsole", level="null", Filter=null)
2024-08-24 10:57:17,218 main DEBUG Building Plugin[name=root, class=org.apache.logging.log4j.core.config.LoggerConfig$RootLogger].
2024-08-24 10:57:17,219 main DEBUG createLogger(additivity="null", level="ERROR", includeLocation="null", ={LogToFile, LogToConsole}, ={}, Configuration(C:\Users\ADMIN\eclipse-workspace\PetStoreAutomation\target\test-classes\log4j2.xml), Filter=null)
2024-08-24 10:57:17,219 main DEBUG Building Plugin[name=loggers, class=org.apache.logging.log4j.core.config.LoggersPlugin].
2024-08-24 10:57:17,219 main DEBUG createLoggers(={com.mkyong, org.springframework.boot, root})
2024-08-24 10:57:17,220 main DEBUG Building Plugin[name=layout, class=org.apache.logging.log4j.core.layout.PatternLayout].
2024-08-24 10:57:17,220 main DEBUG PatternLayout$Builder(pattern="%d{HH:mm:ss.SSS} [%t] %-5level %logger{36} - %msg%n", PatternSelector=null, Configuration(C:\Users\ADMIN\eclipse-workspace\PetStoreAutomation\target\test-classes\log4j2.xml), Replace=null, charset="null", alwaysWriteExceptions="null", disableAnsi="null", noConsoleNoAnsi="null", header="null", footer="null")
2024-08-24 10:57:17,221 main DEBUG Building Plugin[name=appender, class=org.apache.logging.log4j.core.appender.ConsoleAppender].
2024-08-24 10:57:17,221 main DEBUG ConsoleAppender$Builder(target="SYSTEM_OUT", follow="null", direct="null", bufferedIo="null", bufferSize="null", immediateFlush="null", ignoreExceptions="null", PatternLayout(%d{HH:mm:ss.SSS} [%t] %-5level %logger{36} - %msg%n), name="LogToConsole", Configuration(C:\Users\ADMIN\eclipse-workspace\PetStoreAutomation\target\test-classes\log4j2.xml), Filter=null, ={})
2024-08-24 10:57:17,224 main DEBUG Building Plugin[name=layout, class=org.apache.logging.log4j.core.layout.PatternLayout].
2024-08-24 10:57:17,225 main DEBUG PatternLayout$Builder(pattern="%d %p %c{1.} [%t] %m%n", PatternSelector=null, Configuration(C:\Users\ADMIN\eclipse-workspace\PetStoreAutomation\target\test-classes\log4j2.xml), Replace=null, charset="null", alwaysWriteExceptions="null", disableAnsi="null", noConsoleNoAnsi="null", header="null", footer="null")
2024-08-24 10:57:17,225 main DEBUG Building Plugin[name=TimeBasedTriggeringPolicy, class=org.apache.logging.log4j.core.appender.rolling.TimeBasedTriggeringPolicy].
2024-08-24 10:57:17,228 main DEBUG TimeBasedTriggeringPolicy$Builder(interval="null", modulate="null", maxRandomDelay="null")
2024-08-24 10:57:17,228 main DEBUG Building Plugin[name=SizeBasedTriggeringPolicy, class=org.apache.logging.log4j.core.appender.rolling.SizeBasedTriggeringPolicy].
2024-08-24 10:57:17,228 main DEBUG createPolicy(size="10 MB")
2024-08-24 10:57:17,230 main DEBUG Building Plugin[name=Policies, class=org.apache.logging.log4j.core.appender.rolling.CompositeTriggeringPolicy].
2024-08-24 10:57:17,230 main DEBUG createPolicy(={TimeBasedTriggeringPolicy(nextRolloverMillis=0, interval=1, modulate=false), SizeBasedTriggeringPolicy(size=10485760)})
2024-08-24 10:57:17,231 main DEBUG Building Plugin[name=appender, class=org.apache.logging.log4j.core.appender.RollingFileAppender].
2024-08-24 10:57:17,234 main DEBUG RollingFileAppender$Builder(fileName="logs/app.log", filePattern="logs/${date:yyyy-MM}/app-%d{MM-dd-yyyy}-%i.log.gz", append="null", locking="null", Policies(CompositeTriggeringPolicy(policies=[TimeBasedTriggeringPolicy(nextRolloverMillis=0, interval=1, modulate=false), SizeBasedTriggeringPolicy(size=10485760)])), Strategy=null, advertise="null", advertiseUri="null", createOnDemand="null", filePermissions="null", fileOwner="null", fileGroup="null", bufferedIo="null", bufferSize="null", immediateFlush="null", ignoreExceptions="null", PatternLayout(%d %p %c{1.} [%t] %m%n), name="LogToRollingFile", Configuration(C:\Users\ADMIN\eclipse-workspace\PetStoreAutomation\target\test-classes\log4j2.xml), Filter=null, ={})
2024-08-24 10:57:17,244 main ERROR Could not create plugin of type class org.apache.logging.log4j.core.appender.RollingFileAppender for element RollingFile org.apache.logging.log4j.core.config.ConfigurationException: Configuration has multiple incompatible Appenders pointing to the same resource 'logs/app.log'
	at org.apache.logging.log4j.core.appender.AbstractManager.narrow(AbstractManager.java:165)
	at org.apache.logging.log4j.core.appender.rolling.RollingFileManager.getFileManager(RollingFileManager.java:205)
	at org.apache.logging.log4j.core.appender.RollingFileAppender$Builder.build(RollingFileAppender.java:146)
	at org.apache.logging.log4j.core.appender.RollingFileAppender$Builder.build(RollingFileAppender.java:62)
	at org.apache.logging.log4j.core.config.plugins.util.PluginBuilder.build(PluginBuilder.java:123)
	at org.apache.logging.log4j.core.config.AbstractConfiguration.createPluginObject(AbstractConfiguration.java:1014)
	at org.apache.logging.log4j.core.config.AbstractConfiguration.createConfiguration(AbstractConfiguration.java:954)
	at org.apache.logging.log4j.core.config.AbstractConfiguration.createConfiguration(AbstractConfiguration.java:946)
	at org.apache.logging.log4j.core.config.AbstractConfiguration.doConfigure(AbstractConfiguration.java:560)
	at org.apache.logging.log4j.core.config.AbstractConfiguration.initialize(AbstractConfiguration.java:245)
	at org.apache.logging.log4j.core.config.AbstractConfiguration.start(AbstractConfiguration.java:292)
	at org.apache.logging.log4j.core.LoggerContext.setConfiguration(LoggerContext.java:579)
	at org.apache.logging.log4j.core.LoggerContext.reconfigure(LoggerContext.java:651)
	at org.apache.logging.log4j.core.LoggerContext.reconfigure(LoggerContext.java:668)
	at org.apache.logging.log4j.core.LoggerContext.start(LoggerContext.java:253)
	at org.apache.logging.log4j.core.impl.Log4jContextFactory.getContext(Log4jContextFactory.java:153)
	at org.apache.logging.log4j.core.impl.Log4jContextFactory.getContext(Log4jContextFactory.java:45)
	at org.apache.logging.log4j.LogManager.getContext(LogManager.java:194)
	at org.apache.logging.log4j.LogManager.getLogger(LogManager.java:581)
	at api.test.UserTests.setupData(UserTests.java:37)
	at java.base/jdk.internal.reflect.DirectMethodHandleAccessor.invoke(DirectMethodHandleAccessor.java:103)
	at java.base/java.lang.reflect.Method.invoke(Method.java:580)
	at org.testng.internal.invokers.MethodInvocationHelper.invokeMethod(MethodInvocationHelper.java:141)
	at org.testng.internal.invokers.MethodInvocationHelper.invokeMethodConsideringTimeout(MethodInvocationHelper.java:71)
	at org.testng.internal.invokers.ConfigInvoker.invokeConfigurationMethod(ConfigInvoker.java:400)
	at org.testng.internal.invokers.ConfigInvoker.invokeConfigurations(ConfigInvoker.java:333)
	at org.testng.internal.invokers.TestMethodWorker.invokeBeforeClassMethods(TestMethodWorker.java:188)
	at org.testng.internal.invokers.TestMethodWorker.run(TestMethodWorker.java:128)
	at java.base/java.util.ArrayList.forEach(ArrayList.java:1597)
	at org.testng.TestRunner.privateRun(TestRunner.java:739)
	at org.testng.TestRunner.run(TestRunner.java:614)
	at org.testng.SuiteRunner.runTest(SuiteRunner.java:421)
	at org.testng.SuiteRunner.runSequentially(SuiteRunner.java:413)
	at org.testng.SuiteRunner.privateRun(SuiteRunner.java:373)
	at org.testng.SuiteRunner.run(SuiteRunner.java:312)
	at org.testng.SuiteRunnerWorker.runSuite(SuiteRunnerWorker.java:52)
	at org.testng.SuiteRunnerWorker.run(SuiteRunnerWorker.java:95)
	at org.testng.TestNG.runSuitesSequentially(TestNG.java:1274)
	at org.testng.TestNG.runSuitesLocally(TestNG.java:1208)
	at org.testng.TestNG.runSuites(TestNG.java:1112)
	at org.testng.TestNG.run(TestNG.java:1079)
	at org.apache.maven.surefire.testng.TestNGExecutor.run(TestNGExecutor.java:308)
	at org.apache.maven.surefire.testng.TestNGXmlTestSuite.execute(TestNGXmlTestSuite.java:71)
	at org.apache.maven.surefire.testng.TestNGProvider.invoke(TestNGProvider.java:113)
	at org.apache.maven.surefire.booter.ForkedBooter.runSuitesInProcess(ForkedBooter.java:385)
	at org.apache.maven.surefire.booter.ForkedBooter.execute(ForkedBooter.java:162)
	at org.apache.maven.surefire.booter.ForkedBooter.run(ForkedBooter.java:507)
	at org.apache.maven.surefire.booter.ForkedBooter.main(ForkedBooter.java:495)

2024-08-24 10:57:17,247 main DEBUG Building Plugin[name=appenders, class=org.apache.logging.log4j.core.config.AppendersPlugin].
2024-08-24 10:57:17,247 main ERROR Null object returned for RollingFile in Appenders.
2024-08-24 10:57:17,248 main DEBUG createAppenders(={LogToConsole, })
2024-08-24 10:57:17,249 main DEBUG Building Plugin[name=AppenderRef, class=org.apache.logging.log4j.core.config.AppenderRef].
2024-08-24 10:57:17,249 main DEBUG createAppenderRef(ref="LogToRollingFile", level="null", Filter=null)
2024-08-24 10:57:17,249 main DEBUG Building Plugin[name=logger, class=org.apache.logging.log4j.core.config.LoggerConfig].
2024-08-24 10:57:17,250 main DEBUG createLogger(additivity="false", level="DEBUG", name="com.mkyong", includeLocation="null", ={LogToRollingFile}, ={}, Configuration(C:\Users\ADMIN\eclipse-workspace\PetStoreAutomation\target\test-classes\log4j2.xml), Filter=null)
2024-08-24 10:57:17,251 main DEBUG Building Plugin[name=AppenderRef, class=org.apache.logging.log4j.core.config.AppenderRef].
2024-08-24 10:57:17,251 main DEBUG createAppenderRef(ref="LogToConsole", level="null", Filter=null)
2024-08-24 10:57:17,251 main DEBUG Building Plugin[name=root, class=org.apache.logging.log4j.core.config.LoggerConfig$RootLogger].
2024-08-24 10:57:17,251 main DEBUG createLogger(additivity="null", level="ERROR", includeLocation="null", ={LogToConsole}, ={}, Configuration(C:\Users\ADMIN\eclipse-workspace\PetStoreAutomation\target\test-classes\log4j2.xml), Filter=null)
2024-08-24 10:57:17,252 main DEBUG Building Plugin[name=loggers, class=org.apache.logging.log4j.core.config.LoggersPlugin].
2024-08-24 10:57:17,252 main DEBUG createLoggers(={com.mkyong, root})
2024-08-24 10:57:17,252 main ERROR Unable to locate appender "LogToRollingFile" for logger config "com.mkyong"
2024-08-24 10:57:17,253 main DEBUG Configuration XmlConfiguration[location=C:\Users\ADMIN\eclipse-workspace\PetStoreAutomation\target\test-classes\log4j2.xml] initialized
2024-08-24 10:57:17,254 main DEBUG Starting configuration XmlConfiguration[location=C:\Users\ADMIN\eclipse-workspace\PetStoreAutomation\target\test-classes\log4j2.xml]
2024-08-24 10:57:17,254 main DEBUG Started configuration XmlConfiguration[location=C:\Users\ADMIN\eclipse-workspace\PetStoreAutomation\target\test-classes\log4j2.xml] OK.
2024-08-24 10:57:17,255 main DEBUG Shutting down OutputStreamManager SYSTEM_OUT.false.false-1
2024-08-24 10:57:17,255 main DEBUG Shut down OutputStreamManager SYSTEM_OUT.false.false-1, all resources released: true
2024-08-24 10:57:17,256 main DEBUG Appender DefaultConsole-1 stopped with status true
2024-08-24 10:57:17,256 main DEBUG Stopped org.apache.logging.log4j.core.config.DefaultConfiguration@13bdf540 OK
2024-08-24 10:57:17,397 main DEBUG Registering MBean org.apache.logging.log4j2:type=28ba21f3
2024-08-24 10:57:17,401 main DEBUG Registering MBean org.apache.logging.log4j2:type=28ba21f3,component=StatusLogger
2024-08-24 10:57:17,404 main DEBUG Registering MBean org.apache.logging.log4j2:type=28ba21f3,component=ContextSelector
2024-08-24 10:57:17,406 main DEBUG Registering MBean org.apache.logging.log4j2:type=28ba21f3,component=Loggers,name=
2024-08-24 10:57:17,409 main DEBUG Registering MBean org.apache.logging.log4j2:type=28ba21f3,component=Loggers,name=com.mkyong
2024-08-24 10:57:17,410 main DEBUG Registering MBean org.apache.logging.log4j2:type=28ba21f3,component=Appenders,name=LogToConsole
2024-08-24 10:57:17,415 main DEBUG org.apache.logging.log4j.core.util.SystemClock supports precise timestamps.
2024-08-24 10:57:17,415 main DEBUG Reconfiguration complete for context[name=28ba21f3] at URI C:\Users\ADMIN\eclipse-workspace\PetStoreAutomation\target\test-classes\log4j2.xml (org.apache.logging.log4j.core.LoggerContext@2322e56f) with optional ClassLoader: null
2024-08-24 10:57:17,415 main DEBUG Shutdown hook enabled. Registering a new one.
2024-08-24 10:57:17,417 main DEBUG LoggerContext[name=28ba21f3, org.apache.logging.log4j.core.LoggerContext@2322e56f] started OK.
]]></system-out>
    <system-err><![CDATA[SLF4J: Failed to load class "org.slf4j.impl.StaticLoggerBinder".
SLF4J: Defaulting to no-operation (NOP) logger implementation
SLF4J: See http://www.slf4j.org/codes.html#StaticLoggerBinder for further details.
]]></system-err>
  </testcase>
  <testcase name="testPostUser" classname="api.test.UserTests" time="1.936">
    <system-out><![CDATA[HTTP/1.1 200 OK
Date: Sat, 24 Aug 2024 05:27:24 GMT
Content-Type: application/json
Transfer-Encoding: chunked
Connection: keep-alive
Access-Control-Allow-Origin: *
Access-Control-Allow-Methods: GET, POST, DELETE, PUT
Access-Control-Allow-Headers: Content-Type, api_key, Authorization
Server: Jetty(9.2.9.v20150224)

{
    "code": 200,
    "type": "unknown",
    "message": "1760219993"
}
]]></system-out>
  </testcase>
  <testcase name="testGetUserByName" classname="api.test.UserTests" time="1.832">
    <system-out><![CDATA[HTTP/1.1 200 OK
Date: Sat, 24 Aug 2024 05:27:26 GMT
Content-Type: application/json
Transfer-Encoding: chunked
Connection: keep-alive
Access-Control-Allow-Origin: *
Access-Control-Allow-Methods: GET, POST, DELETE, PUT
Access-Control-Allow-Headers: Content-Type, api_key, Authorization
Server: Jetty(9.2.9.v20150224)

{
    "id": 1760219993,
    "username": "bert.corkery",
    "firstName": "Hans",
    "lastName": "Hirthe",
    "email": "guillermo.thiel@example.com",
    "password": "n5sw0cg7",
    "phone": "474.660.5086",
    "userStatus": 0
}
]]></system-out>
  </testcase>
  <testcase name="testUdateUserByName" classname="api.test.UserTests" time="3.195">
    <system-out><![CDATA[{
    "code": 405,
    "type": "unknown"
}
]]></system-out>
  </testcase>
</testsuite>