<?xml version="1.0" encoding="UTF-8"?>
<testng-results ignored="0" total="4" passed="4" failed="0" skipped="0">
  <reporter-output>
  </reporter-output>
  <suite started-at="2024-08-24T10:27:32 IST" name="PetSuite" finished-at="2024-08-24T10:27:45 IST" duration-ms="12454">
    <groups>
    </groups>
    <test started-at="2024-08-24T10:27:32 IST" name="PetTest" finished-at="2024-08-24T10:27:45 IST" duration-ms="12454">
      <class name="api.test.UserTests">
        <test-method is-config="true" signature="setupData()[pri:0, instance:api.test.UserTests@368247b9]" started-at="2024-08-24T10:27:33 IST" name="setupData" finished-at="2024-08-24T10:27:34 IST" duration-ms="1237" status="PASS">
          <reporter-output>
          </reporter-output>
        </test-method> <!-- setupData -->
        <test-method signature="testDeleteUserByName()[pri:0, instance:api.test.UserTests@368247b9]" started-at="2024-08-24T10:27:34 IST" name="testDeleteUserByName" finished-at="2024-08-24T10:27:38 IST" duration-ms="4111" status="PASS">
          <reporter-output>
          </reporter-output>
        </test-method> <!-- testDeleteUserByName -->
        <test-method signature="testPostUser()[pri:1, instance:api.test.UserTests@368247b9]" started-at="2024-08-24T10:27:38 IST" name="testPostUser" finished-at="2024-08-24T10:27:40 IST" duration-ms="1954" status="PASS">
          <reporter-output>
          </reporter-output>
        </test-method> <!-- testPostUser -->
        <test-method signature="testGetUserByName()[pri:2, instance:api.test.UserTests@368247b9]" started-at="2024-08-24T10:27:40 IST" name="testGetUserByName" finished-at="2024-08-24T10:27:41 IST" duration-ms="1522" status="PASS">
          <reporter-output>
          </reporter-output>
        </test-method> <!-- testGetUserByName -->
        <test-method signature="testUdateUserByName()[pri:3, instance:api.test.UserTests@368247b9]" started-at="2024-08-24T10:27:41 IST" name="testUdateUserByName" finished-at="2024-08-24T10:27:45 IST" duration-ms="3234" status="PASS">
          <reporter-output>
          </reporter-output>
        </test-method> <!-- testUdateUserByName -->
      </class> <!-- api.test.UserTests -->
    </test> <!-- PetTest -->
  </suite> <!-- PetSuite -->
</testng-results>
