<?xml version="1.0" encoding="UTF-8"?>
<!-- Generated by org.testng.reporters.JUnitXMLReporter -->
<testsuite ignored="0" hostname="DESKTOP-SEFEUI6" failures="0" tests="4" name="PetTest" time="12.454" errors="0" timestamp="2024-08-24T10:27:45 IST">
  <testcase classname="api.test.UserTests" name="testDeleteUserByName" time="4.111"/>
  <testcase classname="api.test.UserTests" name="testPostUser" time="1.954"/>
  <testcase classname="api.test.UserTests" name="testGetUserByName" time="1.522"/>
  <testcase classname="api.test.UserTests" name="testUdateUserByName" time="3.234"/>
</testsuite> <!-- PetTest -->
